<?xml version="1.0" encoding="UTF-8"?>
<testng-results skipped="1" failed="1" ignored="0" total="4" passed="2">
  <reporter-output>
  </reporter-output>
  <suite name="Default suite" duration-ms="20396" started-at="2022-07-14T16:38:29 GET" finished-at="2022-07-14T16:38:49 GET">
    <groups>
      <group name="Chrome">
        <method signature="ParallelTasts.LaunchChrome()[pri:0, instance:com.parallel.ParallelTasts@4f063c0a]" name="LaunchChrome" class="com.parallel.ParallelTasts"/>
        <method signature="ParallelTasts.TryFacebook1()[pri:0, instance:com.parallel.ParallelTasts@4f063c0a]" name="TryFacebook1" class="com.parallel.ParallelTasts"/>
      </group> <!-- Chrome -->
      <group name="Firefox">
        <method signature="ParallelTasts.LaunchFirefox()[pri:0, instance:com.parallel.ParallelTasts@4f063c0a]" name="LaunchFirefox" class="com.parallel.ParallelTasts"/>
        <method signature="ParallelTasts.TryFacebook2()[pri:0, instance:com.parallel.ParallelTasts@4f063c0a]" name="TryFacebook2" class="com.parallel.ParallelTasts"/>
      </group> <!-- Firefox -->
    </groups>
    <test name="Default test" duration-ms="20396" started-at="2022-07-14T16:38:29 GET" finished-at="2022-07-14T16:38:49 GET">
      <class name="com.parallel.ParallelTasts">
        <test-method status="PASS" signature="LaunchChrome()[pri:0, instance:com.parallel.ParallelTasts@4f063c0a]" name="LaunchChrome" duration-ms="18681" started-at="2022-07-14T16:38:29 GET" finished-at="2022-07-14T16:38:48 GET">
          <reporter-output>
          </reporter-output>
        </test-method> <!-- LaunchChrome -->
        <test-method status="FAIL" signature="LaunchFirefox()[pri:0, instance:com.parallel.ParallelTasts@4f063c0a]" name="LaunchFirefox" duration-ms="84" started-at="2022-07-14T16:38:48 GET" finished-at="2022-07-14T16:38:48 GET">
          <exception class="java.lang.IllegalStateException">
            <message>
              <![CDATA[The driver executable does not exist: /Users/macbook/eclipse-workspace1/Parallel Tests/Users/macbook/Downloads/geckodriver]]>
            </message>
            <full-stacktrace>
              <![CDATA[java.lang.IllegalStateException: The driver executable does not exist: /Users/macbook/eclipse-workspace1/Parallel Tests/Users/macbook/Downloads/geckodriver
at com.google.common.base.Preconditions.checkState(Preconditions.java:585)
at org.openqa.selenium.remote.service.DriverService.checkExecutable(DriverService.java:146)
at org.openqa.selenium.remote.service.DriverService.findExecutable(DriverService.java:141)
at org.openqa.selenium.firefox.GeckoDriverService.access$100(GeckoDriverService.java:44)
at org.openqa.selenium.firefox.GeckoDriverService$Builder.findDefaultExecutable(GeckoDriverService.java:167)
at org.openqa.selenium.remote.service.DriverService$Builder.build(DriverService.java:355)
at org.openqa.selenium.firefox.FirefoxDriver.toExecutor(FirefoxDriver.java:190)
at org.openqa.selenium.firefox.FirefoxDriver.<init>(FirefoxDriver.java:147)
at org.openqa.selenium.firefox.FirefoxDriver.<init>(FirefoxDriver.java:125)
at com.parallel.ParallelTasts.LaunchFirefox(ParallelTasts.java:33)
at sun.reflect.NativeMethodAccessorImpl.invoke0(Native Method)
at sun.reflect.NativeMethodAccessorImpl.invoke(NativeMethodAccessorImpl.java:62)
at sun.reflect.DelegatingMethodAccessorImpl.invoke(DelegatingMethodAccessorImpl.java:43)
at java.lang.reflect.Method.invoke(Method.java:498)
at org.testng.internal.MethodInvocationHelper.invokeMethod(MethodInvocationHelper.java:133)
at org.testng.internal.TestInvoker.invokeMethod(TestInvoker.java:598)
at org.testng.internal.TestInvoker.invokeTestMethod(TestInvoker.java:173)
at org.testng.internal.MethodRunner.runInSequence(MethodRunner.java:46)
at org.testng.internal.TestInvoker$MethodInvocationAgent.invoke(TestInvoker.java:824)
at org.testng.internal.TestInvoker.invokeTestMethods(TestInvoker.java:146)
at org.testng.internal.TestMethodWorker.invokeTestMethods(TestMethodWorker.java:146)
at org.testng.internal.TestMethodWorker.run(TestMethodWorker.java:128)
at java.util.ArrayList.forEach(ArrayList.java:1257)
at org.testng.TestRunner.privateRun(TestRunner.java:794)
at org.testng.TestRunner.run(TestRunner.java:596)
at org.testng.SuiteRunner.runTest(SuiteRunner.java:377)
at org.testng.SuiteRunner.runSequentially(SuiteRunner.java:371)
at org.testng.SuiteRunner.privateRun(SuiteRunner.java:332)
at org.testng.SuiteRunner.run(SuiteRunner.java:276)
at org.testng.SuiteRunnerWorker.runSuite(SuiteRunnerWorker.java:53)
at org.testng.SuiteRunnerWorker.run(SuiteRunnerWorker.java:96)
at org.testng.TestNG.runSuitesSequentially(TestNG.java:1212)
at org.testng.TestNG.runSuitesLocally(TestNG.java:1134)
at org.testng.TestNG.runSuites(TestNG.java:1063)
at org.testng.TestNG.run(TestNG.java:1031)
at org.testng.remote.AbstractRemoteTestNG.run(AbstractRemoteTestNG.java:115)
at org.testng.remote.RemoteTestNG.initAndRun(RemoteTestNG.java:251)
at org.testng.remote.RemoteTestNG.main(RemoteTestNG.java:77)
]]>
            </full-stacktrace>
          </exception> <!-- java.lang.IllegalStateException -->
          <reporter-output>
          </reporter-output>
        </test-method> <!-- LaunchFirefox -->
        <test-method status="PASS" signature="TryFacebook1()[pri:0, instance:com.parallel.ParallelTasts@4f063c0a]" name="TryFacebook1" duration-ms="1324" started-at="2022-07-14T16:38:48 GET" depends-on-methods="com.parallel.ParallelTasts.LaunchChrome" finished-at="2022-07-14T16:38:49 GET">
          <reporter-output>
          </reporter-output>
        </test-method> <!-- TryFacebook1 -->
        <test-method status="SKIP" signature="TryFacebook2()[pri:0, instance:com.parallel.ParallelTasts@4f063c0a]" name="TryFacebook2" duration-ms="0" started-at="2022-07-14T16:38:49 GET" depends-on-methods="com.parallel.ParallelTasts.LaunchFirefox" finished-at="2022-07-14T16:38:49 GET">
          <exception class="java.lang.Throwable">
            <message>
              <![CDATA[Method ParallelTasts.TryFacebook2()[pri:0, instance:com.parallel.ParallelTasts@4f063c0a] depends on not successfully finished methods]]>
            </message>
            <full-stacktrace>
              <![CDATA[java.lang.Throwable: Method ParallelTasts.TryFacebook2()[pri:0, instance:com.parallel.ParallelTasts@4f063c0a] depends on not successfully finished methods
at org.testng.internal.TestInvoker.invokeTestMethods(TestInvoker.java:102)
at org.testng.internal.TestMethodWorker.invokeTestMethods(TestMethodWorker.java:146)
at org.testng.internal.TestMethodWorker.run(TestMethodWorker.java:128)
at java.util.ArrayList.forEach(ArrayList.java:1257)
at org.testng.TestRunner.privateRun(TestRunner.java:794)
at org.testng.TestRunner.run(TestRunner.java:596)
at org.testng.SuiteRunner.runTest(SuiteRunner.java:377)
at org.testng.SuiteRunner.runSequentially(SuiteRunner.java:371)
at org.testng.SuiteRunner.privateRun(SuiteRunner.java:332)
at org.testng.SuiteRunner.run(SuiteRunner.java:276)
at org.testng.SuiteRunnerWorker.runSuite(SuiteRunnerWorker.java:53)
at org.testng.SuiteRunnerWorker.run(SuiteRunnerWorker.java:96)
at org.testng.TestNG.runSuitesSequentially(TestNG.java:1212)
at org.testng.TestNG.runSuitesLocally(TestNG.java:1134)
at org.testng.TestNG.runSuites(TestNG.java:1063)
at org.testng.TestNG.run(TestNG.java:1031)
at org.testng.remote.AbstractRemoteTestNG.run(AbstractRemoteTestNG.java:115)
at org.testng.remote.RemoteTestNG.initAndRun(RemoteTestNG.java:251)
at org.testng.remote.RemoteTestNG.main(RemoteTestNG.java:77)
]]>
            </full-stacktrace>
          </exception> <!-- java.lang.Throwable -->
          <reporter-output>
          </reporter-output>
        </test-method> <!-- TryFacebook2 -->
      </class> <!-- com.parallel.ParallelTasts -->
    </test> <!-- Default test -->
  </suite> <!-- Default suite -->
</testng-results>
